[2025-03-25 22:54:22,189: INFO: main: welcome to the custom loggings]
[2025-03-25 22:57:39,006: INFO: main: welcome to the custom loggings]
[2025-03-27 00:12:44,111: INFO: common: yaml file: config\config.yaml loaded successfully]
[2025-03-27 00:12:44,113: INFO: common: yaml file: params.yaml loaded successfully]
[2025-03-27 00:14:23,411: INFO: common: yaml file: config\config.yaml loaded successfully]
[2025-03-27 00:14:23,419: INFO: common: yaml file: params.yaml loaded successfully]
[2025-03-27 00:14:23,420: INFO: common: created directory at: artifacts]
[2025-03-27 00:14:23,422: INFO: common: created directory at: artifacts/data_ingestion]
[2025-03-27 00:14:26,936: INFO: 1434958058: artifacts/data_ingestion/data.zip download! with following info: 
Connection: close
Content-Length: 7903594
Cache-Control: max-age=300
Content-Security-Policy: default-src 'none'; style-src 'unsafe-inline'; sandbox
Content-Type: application/zip
ETag: "dbc016a060da18070593b83afff580c9b300f0b6ea4147a7988433e04df246ca"
Strict-Transport-Security: max-age=31536000
X-Content-Type-Options: nosniff
X-Frame-Options: deny
X-XSS-Protection: 1; mode=block
X-GitHub-Request-Id: F3F7:2F90E8:81F8F:11B9F4:67E44B08
Accept-Ranges: bytes
Date: Wed, 26 Mar 2025 18:44:25 GMT
Via: 1.1 varnish
X-Served-By: cache-maa10233-MAA
X-Cache: MISS
X-Cache-Hits: 0
X-Timer: S1743014665.689197,VS0,VE669
Vary: Authorization,Accept-Encoding,Origin
Access-Control-Allow-Origin: *
Cross-Origin-Resource-Policy: cross-origin
X-Fastly-Request-ID: 7cb2738cd42547b8765d489d4aa7124b1a72b22b
Expires: Wed, 26 Mar 2025 18:49:25 GMT
Source-Age: 0

]
